<?xml version="1.0" encoding="UTF-8"?>
<!-- Generated by org.testng.reporters.JUnitXMLReporter -->
<testsuite ignored="0" hostname="Jatins-MacBook-Pro.local" failures="0" tests="4" name="Test" time="33.718" errors="0" timestamp="2021-07-12T18:09:35 CDT">
  <testcase classname="RealTime.Validation" name="homePageNavigation" time="0.063"/>
  <testcase classname="RealTime.AppTest" name="shouldAnswerWithTrue" time="0.001"/>
  <testcase classname="RealTime.HomePage" name="homePageNavigation" time="9.614"/>
  <testcase classname="RealTime.HomePage" name="homePageNavigation" time="9.526"/>
</testsuite> <!-- Test -->
