<?xml version="1.0" encoding="UTF-8"?>
<testsuite xmlns:xsi="http://www.w3.org/2001/XMLSchema-instance" xsi:noNamespaceSchemaLocation="https://maven.apache.org/surefire/maven-surefire-plugin/xsd/surefire-test-report-3.0.xsd" version="3.0" name="TestSuite" time="20.642" tests="5" errors="0" skipped="0" failures="0">
  <properties>
[...]
</properties>
  <testcase name="validateNavBar" classname="RealTime.ValidatingHeader" time="0.076">
    <system-out><![CDATA[chrome
chrome
chrome
chrome
]]></system-out>
    <system-err><![CDATA[SLF4J: Failed to load class "org.slf4j.impl.StaticMDCBinder".
SLF4J: Defaulting to no-operation MDCAdapter implementation.
SLF4J: See http://www.slf4j.org/codes.html#no_static_mdc_binder for further details.
SLF4J: Failed to load class "org.slf4j.impl.StaticLoggerBinder".
SLF4J: Defaulting to no-operation (NOP) logger implementation
SLF4J: See http://www.slf4j.org/codes.html#StaticLoggerBinder for further details.
Starting ChrSotmaeSDrrttiaivnregtr i Cn9h2gr. oC0mh.e4rD5or1mi5ev.Derr4i 3v9 e2(r.8 0c96.21.4b075.e142559158.94f.32 49(9380 cd(46821cfb68751e92c9a89cbf7217939e109d142329f88975f97289c79ac0ccde741-23rfe18f59s9/1c3bar7ca778n7cc1ch3e-1h9-e1ra3ed7sf7s/8/7bcr4ca5e1n-5cre@h{f-#sh3/e0ba6rd}a)sn /co4hn5 -1ph5oe@ratd s8/1{435#11
5O@n3{l#0y36 0}l6o})c)a  loo nnc  oppnoonrrettc  4t2i21o6ns03 
a5Or6n8l
yO lneocl ayal l llcooocwnaendle. c
ctPoilnoennasse eca trsieeo ena slh ltatorpwsee: da./
/Plclhleroaowsmeeedd. rs
iePvel hteatspes :/eSrsteea rht/tcthprisn:g/ /CohmrecodmhreirDvoremirev.edcrrh ir9v2o.me0ir.u.4mc5.ho1rr5go./4ms3ie uc(mu8.cro6ir1tgby/-7sece2oc9nu8sr9iifdt2e9yr9-a0cotdni4so2infds8e 5rf9aoctrai cos7nu1sg3 g1fe9os1.rt3c i7hso7run8ogs7mg cieocunsem -t.krioeoreegnfp/ssis /neogbcn ru Carknhiecrtehyop--mihcneoagend ssCiD/hd4rre5oir1mva5e@D{er#tri3iv0 oe6snr}as )f s afeofo.ner 
. p
sourtgC hg1er54s8ot8m
ieOoDnnrlsi yvo enlr o kcweaaelsp  icsnotgna nrCethcertdoi mosenuDscr cieavsreserf  uasllallfyeo..w

ed.C
hPrloemeaDrsei vseree w hast tpssta:/rt/cehd rosmucecdersCishvferuolmlreDr.icvherro mwiauysm ..os
rtga/rsteecdu rsuccity-considerations for suggestioness osnf uklelepying. 
ChromeDriver safe.
ChromeDriver was started successfully.
Jul 29, 2021 6:44:56 PM org.openqa.selenium.remote.ProtocolHandshake createSession
INFO: Detected dialect: W3C
Jul 29, 2021 6:44:56 PM org.openqa.selenium.remote.ProtocolHandshake createSession
INFO: Detected dialect: W3C
Jul 29, 2021 6:44:56 PM org.openqa.selenium.remote.ProtocolHandshake createSession
INFO: Detected dialect: W3C
Jul 29, 2021 6:44:56 PM org.openqa.selenium.remote.ProtocolHandshake createSession
INFO: Detected dialect: W3C
Jul 29, 2021 6:44:56 PM org.openqa.selenium.devtools.CdpVersionFinder findNearestMatch
WARNING: Unable to find an exact match for CDP version 92, so returning the closest version found: 91
Jul 29, 2021 6:44:56 PM org.openqa.selenium.devtools.CdpVersionFinder findNearestMatch
WARNING: Unable to find an exact match for CDP version 92, so returning the closest version found: 91
Jul 29, 2021 6:44:56 PM org.openqa.selenium.devtools.CdpVersionFinder findNearestMatch
WARNING: Unable to find an exact match for CDP version 92, so returning the closest version found: 91
Jul 29, 2021 6:44:56 PM org.openqa.selenium.devtools.CdpVersionFinder findNearestMatch
WARNING: Unable to find an exact match for CDP version 92, so returning the closest version found: 91
Jul 29, 2021 6:44:56 PM org.openqa.selenium.devtools.CdpVersionFinder findNearestMatch
INFO: Found CDP implementation for version 92 of 91
Jul 29, 2021 6:44:56 PM org.openqa.selenium.devtools.CdpVersionFinder findNearestMatch
INFO: Found CDP implementation for version 92 of 91
Jul 29, 2021 6:44:56 PM org.openqa.selenium.devtools.CdpVersionFinder findNearestMatch
INFO: Found CDP implementation for version 92 of 91
Jul 29, 2021 6:44:56 PM org.openqa.selenium.devtools.CdpVersionFinder findNearestMatch
INFO: Found CDP implementation for version 92 of 91
]]></system-err>
  </testcase>
  <testcase name="homePageNavigation[nonrestricted@qw.com, 1234](1)" classname="RealTime.HomePage" time="1.106"/>
  <testcase name="homePageNavigation[restricted@qw.com, 5678](2)" classname="RealTime.HomePage" time="3.417"/>
  <testcase name="validateAppTitle" classname="RealTime.Validation" time="0.922"/>
  <testcase name="getForgetPassword" classname="RealTime.ForgetPwdTest" time="5.153"/>
</testsuite>