<?xml version="1.0" encoding="UTF-8"?>
<testng-results ignored="0" total="6" passed="6" failed="0" skipped="0">
  <reporter-output>
  </reporter-output>
  <suite started-at="2021-07-30T15:08:05 CDT" name="Suite" finished-at="2021-07-30T15:08:55 CDT" duration-ms="50096">
    <groups>
    </groups>
    <test started-at="2021-07-30T15:08:05 CDT" name="Validating Text" finished-at="2021-07-30T15:08:13 CDT" duration-ms="8827">
      <class name="RealTime.Validation">
        <test-method is-config="true" signature="initialize()[pri:0, instance:RealTime.Validation@6e46d9f4]" started-at="2021-07-30T15:08:05 CDT" name="initialize" finished-at="2021-07-30T15:08:11 CDT" duration-ms="6525" status="PASS">
          <reporter-output>
          </reporter-output>
        </test-method> <!-- initialize -->
        <test-method signature="validateAppTitle()[pri:0, instance:RealTime.Validation@6e46d9f4]" started-at="2021-07-30T15:08:11 CDT" name="validateAppTitle" finished-at="2021-07-30T15:08:13 CDT" duration-ms="2040" status="PASS">
          <reporter-output>
          </reporter-output>
        </test-method> <!-- validateAppTitle -->
        <test-method is-config="true" signature="tearDown()[pri:0, instance:RealTime.Validation@6e46d9f4]" started-at="2021-07-30T15:08:13 CDT" name="tearDown" finished-at="2021-07-30T15:08:13 CDT" duration-ms="238" status="PASS">
          <reporter-output>
          </reporter-output>
        </test-method> <!-- tearDown -->
      </class> <!-- RealTime.Validation -->
    </test> <!-- Validating Text -->
    <test started-at="2021-07-30T15:08:14 CDT" name="Validating Navigation Bar" finished-at="2021-07-30T15:08:20 CDT" duration-ms="5932">
      <class name="RealTime.ValidatingHeader">
        <test-method is-config="true" signature="initialize()[pri:0, instance:RealTime.ValidatingHeader@56e07a08]" started-at="2021-07-30T15:08:14 CDT" name="initialize" finished-at="2021-07-30T15:08:20 CDT" duration-ms="5726" status="PASS">
          <reporter-output>
          </reporter-output>
        </test-method> <!-- initialize -->
        <test-method signature="validateNavBar()[pri:0, instance:RealTime.ValidatingHeader@56e07a08]" started-at="2021-07-30T15:08:20 CDT" name="validateNavBar" finished-at="2021-07-30T15:08:20 CDT" duration-ms="34" status="PASS">
          <reporter-output>
          </reporter-output>
        </test-method> <!-- validateNavBar -->
        <test-method is-config="true" signature="tearDown()[pri:0, instance:RealTime.ValidatingHeader@56e07a08]" started-at="2021-07-30T15:08:20 CDT" name="tearDown" finished-at="2021-07-30T15:08:20 CDT" duration-ms="171" status="PASS">
          <reporter-output>
          </reporter-output>
        </test-method> <!-- tearDown -->
      </class> <!-- RealTime.ValidatingHeader -->
    </test> <!-- Validating Navigation Bar -->
    <test started-at="2021-07-30T15:08:20 CDT" name="Validating User Login" finished-at="2021-07-30T15:08:32 CDT" duration-ms="12020">
      <class name="RealTime.HomePage">
        <test-method is-config="true" signature="initialize()[pri:0, instance:RealTime.HomePage@72b16078]" started-at="2021-07-30T15:08:20 CDT" name="initialize" finished-at="2021-07-30T15:08:21 CDT" duration-ms="1038" status="PASS">
          <reporter-output>
          </reporter-output>
        </test-method> <!-- initialize -->
        <test-method signature="homePageNavigation(java.lang.String,java.lang.String)[pri:0, instance:RealTime.HomePage@72b16078]" started-at="2021-07-30T15:08:21 CDT" name="homePageNavigation" data-provider="getData" finished-at="2021-07-30T15:08:29 CDT" duration-ms="8134" status="PASS">
          <params>
            <param index="0">
              <value>
                <![CDATA[nonrestricted@qw.com]]>
              </value>
            </param>
            <param index="1">
              <value>
                <![CDATA[1234]]>
              </value>
            </param>
          </params>
          <reporter-output>
          </reporter-output>
        </test-method> <!-- homePageNavigation -->
        <test-method signature="homePageNavigation(java.lang.String,java.lang.String)[pri:0, instance:RealTime.HomePage@72b16078]" started-at="2021-07-30T15:08:29 CDT" name="homePageNavigation" data-provider="getData" finished-at="2021-07-30T15:08:32 CDT" duration-ms="2724" status="PASS">
          <params>
            <param index="0">
              <value>
                <![CDATA[restricted@qw.com]]>
              </value>
            </param>
            <param index="1">
              <value>
                <![CDATA[5678]]>
              </value>
            </param>
          </params>
          <reporter-output>
          </reporter-output>
        </test-method> <!-- homePageNavigation -->
        <test-method is-config="true" signature="tearDown()[pri:0, instance:RealTime.HomePage@72b16078]" started-at="2021-07-30T15:08:32 CDT" name="tearDown" finished-at="2021-07-30T15:08:32 CDT" duration-ms="121" status="PASS">
          <reporter-output>
          </reporter-output>
        </test-method> <!-- tearDown -->
      </class> <!-- RealTime.HomePage -->
    </test> <!-- Validating User Login -->
    <test started-at="2021-07-30T15:08:32 CDT" name="Validating Forget Password" finished-at="2021-07-30T15:08:44 CDT" duration-ms="12343">
      <class name="RealTime.ForgetPwdTest">
        <test-method is-config="true" signature="initialize()[pri:0, instance:RealTime.ForgetPwdTest@26be6ca7]" started-at="2021-07-30T15:08:32 CDT" name="initialize" finished-at="2021-07-30T15:08:39 CDT" duration-ms="6817" status="PASS">
          <reporter-output>
          </reporter-output>
        </test-method> <!-- initialize -->
        <test-method signature="getForgetPassword()[pri:0, instance:RealTime.ForgetPwdTest@26be6ca7]" started-at="2021-07-30T15:08:39 CDT" name="getForgetPassword" finished-at="2021-07-30T15:08:44 CDT" duration-ms="5394" status="PASS">
          <reporter-output>
          </reporter-output>
        </test-method> <!-- getForgetPassword -->
        <test-method is-config="true" signature="tearDown()[pri:0, instance:RealTime.ForgetPwdTest@26be6ca7]" started-at="2021-07-30T15:08:44 CDT" name="tearDown" finished-at="2021-07-30T15:08:44 CDT" duration-ms="131" status="PASS">
          <reporter-output>
          </reporter-output>
        </test-method> <!-- tearDown -->
      </class> <!-- RealTime.ForgetPwdTest -->
    </test> <!-- Validating Forget Password -->
    <test started-at="2021-07-30T15:08:44 CDT" name="Validating  Practice project Page" finished-at="2021-07-30T15:08:55 CDT" duration-ms="10528">
      <class name="RealTime.PracticeProjectTest">
        <test-method is-config="true" signature="initialize()[pri:0, instance:RealTime.PracticeProjectTest@782a4fff]" started-at="2021-07-30T15:08:44 CDT" name="initialize" finished-at="2021-07-30T15:08:54 CDT" duration-ms="9439" status="PASS">
          <reporter-output>
          </reporter-output>
        </test-method> <!-- initialize -->
        <test-method signature="practiceProject()[pri:0, instance:RealTime.PracticeProjectTest@782a4fff]" started-at="2021-07-30T15:08:54 CDT" name="practiceProject" finished-at="2021-07-30T15:08:55 CDT" duration-ms="933" status="PASS">
          <reporter-output>
          </reporter-output>
        </test-method> <!-- practiceProject -->
        <test-method is-config="true" signature="tearDown()[pri:0, instance:RealTime.PracticeProjectTest@782a4fff]" started-at="2021-07-30T15:08:55 CDT" name="tearDown" finished-at="2021-07-30T15:08:55 CDT" duration-ms="154" status="PASS">
          <reporter-output>
          </reporter-output>
        </test-method> <!-- tearDown -->
      </class> <!-- RealTime.PracticeProjectTest -->
    </test> <!-- Validating  Practice project Page -->
  </suite> <!-- Suite -->
</testng-results>
